<?xml version="1.0" encoding="UTF-8"?>
<!-- Generated by org.testng.reporters.JUnitReportReporter -->
<testsuite hostname="LTIN619452" failures="0" tests="1" name="tests.TestScripts" time="2.858" errors="0" timestamp="2025-06-29T22:41:07 IST" skipped="0">
  <testcase classname="tests.TestScripts" name="validateResetButton" time="2.858"/>
</testsuite> <!-- tests.TestScripts -->
