<?xml version="1.0" encoding="UTF-8"?>
<!-- Generated by org.testng.reporters.JUnitReportReporter -->
<testsuite hostname="LTIN619452" failures="0" tests="1" name="tests.TestScripts" time="0.998" errors="0" timestamp="2025-06-29T13:42:07 IST" skipped="0">
  <testcase classname="tests.TestScripts" name="validateCalculate" time="0.998"/>
</testsuite> <!-- tests.TestScripts -->
