<?xml version="1.0" encoding="UTF-8"?>
<!-- Generated by org.testng.reporters.JUnitReportReporter -->
<testsuite hostname="LTIN619452" failures="0" tests="4" name="tests.TestScripts" time="1.240" errors="0" timestamp="2025-06-28T23:00:20 IST" skipped="0">
  <testcase classname="tests.TestScripts" name="validateName" time="0.238"/>
  <testcase classname="tests.TestScripts" name="validateName" time="0.277"/>
  <testcase classname="tests.TestScripts" name="validateName" time="0.306"/>
  <testcase classname="tests.TestScripts" name="validateName" time="0.419"/>
</testsuite> <!-- tests.TestScripts -->
